C:\USERS\CIP\DROPBOX\___RESEARCH_POSTDOC\MPI\LABORATOR 2\MPILAB\MPIDEBUGGER\MPIDEBUGGEROUTPUTTOOL\DEBUG\MPIDEBUGGEROUTPUTTOOL.EXE
C:\USERS\CIP\DROPBOX\___RESEARCH_POSTDOC\MPI\LABORATOR 2\MPILAB\MPIDEBUGGER\MPIDEBUGGEROUTPUTTOOL\DEBUG\MPIDEBUGGEROUTPUTTOOL.ILK
C:\USERS\CIP\DROPBOX\___RESEARCH_POSTDOC\MPI\LABORATOR 2\MPILAB\MPIDEBUGGER\MPIDEBUGGEROUTPUTTOOL\DEBUG\MPIDEBUGGEROUTPUTTOOL.PDB
C:\USERS\CIP\DROPBOX\___RESEARCH_POSTDOC\MPI\LABORATOR 2\MPILAB\MPIDEBUGGER\MPIDEBUGGEROUTPUTTOOL\MPIDEBUGGEROUTPUTTOOL\DEBUG\MAIN.OBJ
C:\USERS\CIP\DROPBOX\___RESEARCH_POSTDOC\MPI\LABORATOR 2\MPILAB\MPIDEBUGGER\MPIDEBUGGEROUTPUTTOOL\MPIDEBUGGEROUTPUTTOOL\DEBUG\MPIDEBUGGERCOMMONS.OBJ
C:\USERS\CIP\DROPBOX\___RESEARCH_POSTDOC\MPI\LABORATOR 2\MPILAB\MPIDEBUGGER\MPIDEBUGGEROUTPUTTOOL\MPIDEBUGGEROUTPUTTOOL\DEBUG\MPIDEBUGGERINTERNAL.OBJ
C:\USERS\CIP\DROPBOX\___RESEARCH_POSTDOC\MPI\LABORATOR 2\MPILAB\MPIDEBUGGER\MPIDEBUGGEROUTPUTTOOL\MPIDEBUGGEROUTPUTTOOL\DEBUG\MPIDEBUGGEROUTPUTTOOL.EXE.EMBED.MANIFEST.RES
C:\USERS\CIP\DROPBOX\___RESEARCH_POSTDOC\MPI\LABORATOR 2\MPILAB\MPIDEBUGGER\MPIDEBUGGEROUTPUTTOOL\MPIDEBUGGEROUTPUTTOOL\DEBUG\MPIDEBUGGEROUTPUTTOOL.EXE.INTERMEDIATE.MANIFEST
C:\USERS\CIP\DROPBOX\___RESEARCH_POSTDOC\MPI\LABORATOR 2\MPILAB\MPIDEBUGGER\MPIDEBUGGEROUTPUTTOOL\MPIDEBUGGEROUTPUTTOOL\DEBUG\MPISEQUENCEOUTPUTWRITER.OBJ
C:\USERS\CIP\DROPBOX\___RESEARCH_POSTDOC\MPI\LABORATOR 2\MPILAB\MPIDEBUGGER\MPIDEBUGGEROUTPUTTOOL\MPIDEBUGGEROUTPUTTOOL\DEBUG\UTILS.OBJ
C:\USERS\CIP\DROPBOX\___RESEARCH_POSTDOC\MPI\LABORATOR 2\MPILAB\MPIDEBUGGER\MPIDEBUGGEROUTPUTTOOL\MPIDEBUGGEROUTPUTTOOL\DEBUG\VC100.PDB
C:\USERS\CPADURARU\DROPBOX\___RESEARCH_POSTDOC\MPI\LABORATOR 2\MPILAB\MPIDEBUGGER\MPIDEBUGGEROUTPUTTOOL\DEBUG\MPIDEBUGGEROUTPUTTOOL.EXE
C:\USERS\CPADURARU\DROPBOX\___RESEARCH_POSTDOC\MPI\LABORATOR 2\MPILAB\MPIDEBUGGER\MPIDEBUGGEROUTPUTTOOL\DEBUG\MPIDEBUGGEROUTPUTTOOL.ILK
C:\USERS\CPADURARU\DROPBOX\___RESEARCH_POSTDOC\MPI\LABORATOR 2\MPILAB\MPIDEBUGGER\MPIDEBUGGEROUTPUTTOOL\DEBUG\MPIDEBUGGEROUTPUTTOOL.PDB
C:\Users\CPaduraru\Dropbox\___RESEARCH_POSTDOC\MPI\Laborator 2\MpiLab\MPIDebugger\MPIDebuggerOutputTool\MPIDebuggerOutputTool\Debug\cl.command.1.tlog
C:\Users\CPaduraru\Dropbox\___RESEARCH_POSTDOC\MPI\Laborator 2\MpiLab\MPIDebugger\MPIDebuggerOutputTool\MPIDebuggerOutputTool\Debug\CL.read.1.tlog
C:\Users\CPaduraru\Dropbox\___RESEARCH_POSTDOC\MPI\Laborator 2\MpiLab\MPIDebugger\MPIDebuggerOutputTool\MPIDebuggerOutputTool\Debug\CL.write.1.tlog
C:\Users\CPaduraru\Dropbox\___RESEARCH_POSTDOC\MPI\Laborator 2\MpiLab\MPIDebugger\MPIDebuggerOutputTool\MPIDebuggerOutputTool\Debug\link.11380.read.1.tlog
C:\Users\CPaduraru\Dropbox\___RESEARCH_POSTDOC\MPI\Laborator 2\MpiLab\MPIDebugger\MPIDebuggerOutputTool\MPIDebuggerOutputTool\Debug\link.11380.write.1.tlog
C:\Users\CPaduraru\Dropbox\___RESEARCH_POSTDOC\MPI\Laborator 2\MpiLab\MPIDebugger\MPIDebuggerOutputTool\MPIDebuggerOutputTool\Debug\link.11380-cvtres.read.1.tlog
C:\Users\CPaduraru\Dropbox\___RESEARCH_POSTDOC\MPI\Laborator 2\MpiLab\MPIDebugger\MPIDebuggerOutputTool\MPIDebuggerOutputTool\Debug\link.11380-cvtres.write.1.tlog
C:\Users\CPaduraru\Dropbox\___RESEARCH_POSTDOC\MPI\Laborator 2\MpiLab\MPIDebugger\MPIDebuggerOutputTool\MPIDebuggerOutputTool\Debug\link.16988.read.1.tlog
C:\Users\CPaduraru\Dropbox\___RESEARCH_POSTDOC\MPI\Laborator 2\MpiLab\MPIDebugger\MPIDebuggerOutputTool\MPIDebuggerOutputTool\Debug\link.16988.write.1.tlog
C:\Users\CPaduraru\Dropbox\___RESEARCH_POSTDOC\MPI\Laborator 2\MpiLab\MPIDebugger\MPIDebuggerOutputTool\MPIDebuggerOutputTool\Debug\link.16988-cvtres.read.1.tlog
C:\Users\CPaduraru\Dropbox\___RESEARCH_POSTDOC\MPI\Laborator 2\MpiLab\MPIDebugger\MPIDebuggerOutputTool\MPIDebuggerOutputTool\Debug\link.16988-cvtres.write.1.tlog
C:\Users\CPaduraru\Dropbox\___RESEARCH_POSTDOC\MPI\Laborator 2\MpiLab\MPIDebugger\MPIDebuggerOutputTool\MPIDebuggerOutputTool\Debug\link.17760.read.1.tlog
C:\Users\CPaduraru\Dropbox\___RESEARCH_POSTDOC\MPI\Laborator 2\MpiLab\MPIDebugger\MPIDebuggerOutputTool\MPIDebuggerOutputTool\Debug\link.17760.write.1.tlog
C:\Users\CPaduraru\Dropbox\___RESEARCH_POSTDOC\MPI\Laborator 2\MpiLab\MPIDebugger\MPIDebuggerOutputTool\MPIDebuggerOutputTool\Debug\link.17760-cvtres.read.1.tlog
C:\Users\CPaduraru\Dropbox\___RESEARCH_POSTDOC\MPI\Laborator 2\MpiLab\MPIDebugger\MPIDebuggerOutputTool\MPIDebuggerOutputTool\Debug\link.17760-cvtres.write.1.tlog
C:\Users\CPaduraru\Dropbox\___RESEARCH_POSTDOC\MPI\Laborator 2\MpiLab\MPIDebugger\MPIDebuggerOutputTool\MPIDebuggerOutputTool\Debug\link.18196.read.1.tlog
C:\Users\CPaduraru\Dropbox\___RESEARCH_POSTDOC\MPI\Laborator 2\MpiLab\MPIDebugger\MPIDebuggerOutputTool\MPIDebuggerOutputTool\Debug\link.18196.write.1.tlog
C:\Users\CPaduraru\Dropbox\___RESEARCH_POSTDOC\MPI\Laborator 2\MpiLab\MPIDebugger\MPIDebuggerOutputTool\MPIDebuggerOutputTool\Debug\link.18196-cvtres.read.1.tlog
C:\Users\CPaduraru\Dropbox\___RESEARCH_POSTDOC\MPI\Laborator 2\MpiLab\MPIDebugger\MPIDebuggerOutputTool\MPIDebuggerOutputTool\Debug\link.18196-cvtres.write.1.tlog
C:\Users\CPaduraru\Dropbox\___RESEARCH_POSTDOC\MPI\Laborator 2\MpiLab\MPIDebugger\MPIDebuggerOutputTool\MPIDebuggerOutputTool\Debug\link.18888.read.1.tlog
C:\Users\CPaduraru\Dropbox\___RESEARCH_POSTDOC\MPI\Laborator 2\MpiLab\MPIDebugger\MPIDebuggerOutputTool\MPIDebuggerOutputTool\Debug\link.18888.write.1.tlog
C:\Users\CPaduraru\Dropbox\___RESEARCH_POSTDOC\MPI\Laborator 2\MpiLab\MPIDebugger\MPIDebuggerOutputTool\MPIDebuggerOutputTool\Debug\link.18888-cvtres.read.1.tlog
C:\Users\CPaduraru\Dropbox\___RESEARCH_POSTDOC\MPI\Laborator 2\MpiLab\MPIDebugger\MPIDebuggerOutputTool\MPIDebuggerOutputTool\Debug\link.18888-cvtres.write.1.tlog
C:\Users\CPaduraru\Dropbox\___RESEARCH_POSTDOC\MPI\Laborator 2\MpiLab\MPIDebugger\MPIDebuggerOutputTool\MPIDebuggerOutputTool\Debug\link.21204.read.1.tlog
C:\Users\CPaduraru\Dropbox\___RESEARCH_POSTDOC\MPI\Laborator 2\MpiLab\MPIDebugger\MPIDebuggerOutputTool\MPIDebuggerOutputTool\Debug\link.21204.write.1.tlog
C:\Users\CPaduraru\Dropbox\___RESEARCH_POSTDOC\MPI\Laborator 2\MpiLab\MPIDebugger\MPIDebuggerOutputTool\MPIDebuggerOutputTool\Debug\link.21204-cvtres.read.1.tlog
C:\Users\CPaduraru\Dropbox\___RESEARCH_POSTDOC\MPI\Laborator 2\MpiLab\MPIDebugger\MPIDebuggerOutputTool\MPIDebuggerOutputTool\Debug\link.21204-cvtres.write.1.tlog
C:\Users\CPaduraru\Dropbox\___RESEARCH_POSTDOC\MPI\Laborator 2\MpiLab\MPIDebugger\MPIDebuggerOutputTool\MPIDebuggerOutputTool\Debug\link.2320.read.1.tlog
C:\Users\CPaduraru\Dropbox\___RESEARCH_POSTDOC\MPI\Laborator 2\MpiLab\MPIDebugger\MPIDebuggerOutputTool\MPIDebuggerOutputTool\Debug\link.2320.write.1.tlog
C:\Users\CPaduraru\Dropbox\___RESEARCH_POSTDOC\MPI\Laborator 2\MpiLab\MPIDebugger\MPIDebuggerOutputTool\MPIDebuggerOutputTool\Debug\link.2320-cvtres.read.1.tlog
C:\Users\CPaduraru\Dropbox\___RESEARCH_POSTDOC\MPI\Laborator 2\MpiLab\MPIDebugger\MPIDebuggerOutputTool\MPIDebuggerOutputTool\Debug\link.2320-cvtres.write.1.tlog
C:\Users\CPaduraru\Dropbox\___RESEARCH_POSTDOC\MPI\Laborator 2\MpiLab\MPIDebugger\MPIDebuggerOutputTool\MPIDebuggerOutputTool\Debug\link.2568.read.1.tlog
C:\Users\CPaduraru\Dropbox\___RESEARCH_POSTDOC\MPI\Laborator 2\MpiLab\MPIDebugger\MPIDebuggerOutputTool\MPIDebuggerOutputTool\Debug\link.2568.write.1.tlog
C:\Users\CPaduraru\Dropbox\___RESEARCH_POSTDOC\MPI\Laborator 2\MpiLab\MPIDebugger\MPIDebuggerOutputTool\MPIDebuggerOutputTool\Debug\link.2568-cvtres.read.1.tlog
C:\Users\CPaduraru\Dropbox\___RESEARCH_POSTDOC\MPI\Laborator 2\MpiLab\MPIDebugger\MPIDebuggerOutputTool\MPIDebuggerOutputTool\Debug\link.2568-cvtres.write.1.tlog
C:\Users\CPaduraru\Dropbox\___RESEARCH_POSTDOC\MPI\Laborator 2\MpiLab\MPIDebugger\MPIDebuggerOutputTool\MPIDebuggerOutputTool\Debug\link.27932.read.1.tlog
C:\Users\CPaduraru\Dropbox\___RESEARCH_POSTDOC\MPI\Laborator 2\MpiLab\MPIDebugger\MPIDebuggerOutputTool\MPIDebuggerOutputTool\Debug\link.27932.write.1.tlog
C:\Users\CPaduraru\Dropbox\___RESEARCH_POSTDOC\MPI\Laborator 2\MpiLab\MPIDebugger\MPIDebuggerOutputTool\MPIDebuggerOutputTool\Debug\link.27932-cvtres.read.1.tlog
C:\Users\CPaduraru\Dropbox\___RESEARCH_POSTDOC\MPI\Laborator 2\MpiLab\MPIDebugger\MPIDebuggerOutputTool\MPIDebuggerOutputTool\Debug\link.27932-cvtres.write.1.tlog
C:\Users\CPaduraru\Dropbox\___RESEARCH_POSTDOC\MPI\Laborator 2\MpiLab\MPIDebugger\MPIDebuggerOutputTool\MPIDebuggerOutputTool\Debug\link.3256.read.1.tlog
C:\Users\CPaduraru\Dropbox\___RESEARCH_POSTDOC\MPI\Laborator 2\MpiLab\MPIDebugger\MPIDebuggerOutputTool\MPIDebuggerOutputTool\Debug\link.3256.write.1.tlog
C:\Users\CPaduraru\Dropbox\___RESEARCH_POSTDOC\MPI\Laborator 2\MpiLab\MPIDebugger\MPIDebuggerOutputTool\MPIDebuggerOutputTool\Debug\link.3256-cvtres.read.1.tlog
C:\Users\CPaduraru\Dropbox\___RESEARCH_POSTDOC\MPI\Laborator 2\MpiLab\MPIDebugger\MPIDebuggerOutputTool\MPIDebuggerOutputTool\Debug\link.3256-cvtres.write.1.tlog
C:\Users\CPaduraru\Dropbox\___RESEARCH_POSTDOC\MPI\Laborator 2\MpiLab\MPIDebugger\MPIDebuggerOutputTool\MPIDebuggerOutputTool\Debug\link.33684.read.1.tlog
C:\Users\CPaduraru\Dropbox\___RESEARCH_POSTDOC\MPI\Laborator 2\MpiLab\MPIDebugger\MPIDebuggerOutputTool\MPIDebuggerOutputTool\Debug\link.33684.write.1.tlog
C:\Users\CPaduraru\Dropbox\___RESEARCH_POSTDOC\MPI\Laborator 2\MpiLab\MPIDebugger\MPIDebuggerOutputTool\MPIDebuggerOutputTool\Debug\link.33684-cvtres.read.1.tlog
C:\Users\CPaduraru\Dropbox\___RESEARCH_POSTDOC\MPI\Laborator 2\MpiLab\MPIDebugger\MPIDebuggerOutputTool\MPIDebuggerOutputTool\Debug\link.33684-cvtres.write.1.tlog
C:\Users\CPaduraru\Dropbox\___RESEARCH_POSTDOC\MPI\Laborator 2\MpiLab\MPIDebugger\MPIDebuggerOutputTool\MPIDebuggerOutputTool\Debug\link.41872.read.1.tlog
C:\Users\CPaduraru\Dropbox\___RESEARCH_POSTDOC\MPI\Laborator 2\MpiLab\MPIDebugger\MPIDebuggerOutputTool\MPIDebuggerOutputTool\Debug\link.41872.write.1.tlog
C:\Users\CPaduraru\Dropbox\___RESEARCH_POSTDOC\MPI\Laborator 2\MpiLab\MPIDebugger\MPIDebuggerOutputTool\MPIDebuggerOutputTool\Debug\link.41872-cvtres.read.1.tlog
C:\Users\CPaduraru\Dropbox\___RESEARCH_POSTDOC\MPI\Laborator 2\MpiLab\MPIDebugger\MPIDebuggerOutputTool\MPIDebuggerOutputTool\Debug\link.41872-cvtres.write.1.tlog
C:\Users\CPaduraru\Dropbox\___RESEARCH_POSTDOC\MPI\Laborator 2\MpiLab\MPIDebugger\MPIDebuggerOutputTool\MPIDebuggerOutputTool\Debug\link.44148.read.1.tlog
C:\Users\CPaduraru\Dropbox\___RESEARCH_POSTDOC\MPI\Laborator 2\MpiLab\MPIDebugger\MPIDebuggerOutputTool\MPIDebuggerOutputTool\Debug\link.44148.write.1.tlog
C:\Users\CPaduraru\Dropbox\___RESEARCH_POSTDOC\MPI\Laborator 2\MpiLab\MPIDebugger\MPIDebuggerOutputTool\MPIDebuggerOutputTool\Debug\link.44148-cvtres.read.1.tlog
C:\Users\CPaduraru\Dropbox\___RESEARCH_POSTDOC\MPI\Laborator 2\MpiLab\MPIDebugger\MPIDebuggerOutputTool\MPIDebuggerOutputTool\Debug\link.44148-cvtres.write.1.tlog
C:\Users\CPaduraru\Dropbox\___RESEARCH_POSTDOC\MPI\Laborator 2\MpiLab\MPIDebugger\MPIDebuggerOutputTool\MPIDebuggerOutputTool\Debug\link.52460.read.1.tlog
C:\Users\CPaduraru\Dropbox\___RESEARCH_POSTDOC\MPI\Laborator 2\MpiLab\MPIDebugger\MPIDebuggerOutputTool\MPIDebuggerOutputTool\Debug\link.52460.write.1.tlog
C:\Users\CPaduraru\Dropbox\___RESEARCH_POSTDOC\MPI\Laborator 2\MpiLab\MPIDebugger\MPIDebuggerOutputTool\MPIDebuggerOutputTool\Debug\link.52460-cvtres.read.1.tlog
C:\Users\CPaduraru\Dropbox\___RESEARCH_POSTDOC\MPI\Laborator 2\MpiLab\MPIDebugger\MPIDebuggerOutputTool\MPIDebuggerOutputTool\Debug\link.52460-cvtres.write.1.tlog
C:\Users\CPaduraru\Dropbox\___RESEARCH_POSTDOC\MPI\Laborator 2\MpiLab\MPIDebugger\MPIDebuggerOutputTool\MPIDebuggerOutputTool\Debug\link.55144.read.1.tlog
C:\Users\CPaduraru\Dropbox\___RESEARCH_POSTDOC\MPI\Laborator 2\MpiLab\MPIDebugger\MPIDebuggerOutputTool\MPIDebuggerOutputTool\Debug\link.55144.write.1.tlog
C:\Users\CPaduraru\Dropbox\___RESEARCH_POSTDOC\MPI\Laborator 2\MpiLab\MPIDebugger\MPIDebuggerOutputTool\MPIDebuggerOutputTool\Debug\link.55144-cvtres.read.1.tlog
C:\Users\CPaduraru\Dropbox\___RESEARCH_POSTDOC\MPI\Laborator 2\MpiLab\MPIDebugger\MPIDebuggerOutputTool\MPIDebuggerOutputTool\Debug\link.55144-cvtres.write.1.tlog
C:\Users\CPaduraru\Dropbox\___RESEARCH_POSTDOC\MPI\Laborator 2\MpiLab\MPIDebugger\MPIDebuggerOutputTool\MPIDebuggerOutputTool\Debug\link.7132.read.1.tlog
C:\Users\CPaduraru\Dropbox\___RESEARCH_POSTDOC\MPI\Laborator 2\MpiLab\MPIDebugger\MPIDebuggerOutputTool\MPIDebuggerOutputTool\Debug\link.7132.write.1.tlog
C:\Users\CPaduraru\Dropbox\___RESEARCH_POSTDOC\MPI\Laborator 2\MpiLab\MPIDebugger\MPIDebuggerOutputTool\MPIDebuggerOutputTool\Debug\link.7132-cvtres.read.1.tlog
C:\Users\CPaduraru\Dropbox\___RESEARCH_POSTDOC\MPI\Laborator 2\MpiLab\MPIDebugger\MPIDebuggerOutputTool\MPIDebuggerOutputTool\Debug\link.7132-cvtres.write.1.tlog
C:\Users\CPaduraru\Dropbox\___RESEARCH_POSTDOC\MPI\Laborator 2\MpiLab\MPIDebugger\MPIDebuggerOutputTool\MPIDebuggerOutputTool\Debug\link.7176.read.1.tlog
C:\Users\CPaduraru\Dropbox\___RESEARCH_POSTDOC\MPI\Laborator 2\MpiLab\MPIDebugger\MPIDebuggerOutputTool\MPIDebuggerOutputTool\Debug\link.7176.write.1.tlog
C:\Users\CPaduraru\Dropbox\___RESEARCH_POSTDOC\MPI\Laborator 2\MpiLab\MPIDebugger\MPIDebuggerOutputTool\MPIDebuggerOutputTool\Debug\link.7176-cvtres.read.1.tlog
C:\Users\CPaduraru\Dropbox\___RESEARCH_POSTDOC\MPI\Laborator 2\MpiLab\MPIDebugger\MPIDebuggerOutputTool\MPIDebuggerOutputTool\Debug\link.7176-cvtres.write.1.tlog
C:\Users\CPaduraru\Dropbox\___RESEARCH_POSTDOC\MPI\Laborator 2\MpiLab\MPIDebugger\MPIDebuggerOutputTool\MPIDebuggerOutputTool\Debug\link.9248.read.1.tlog
C:\Users\CPaduraru\Dropbox\___RESEARCH_POSTDOC\MPI\Laborator 2\MpiLab\MPIDebugger\MPIDebuggerOutputTool\MPIDebuggerOutputTool\Debug\link.9248.write.1.tlog
C:\Users\CPaduraru\Dropbox\___RESEARCH_POSTDOC\MPI\Laborator 2\MpiLab\MPIDebugger\MPIDebuggerOutputTool\MPIDebuggerOutputTool\Debug\link.9248-cvtres.read.1.tlog
C:\Users\CPaduraru\Dropbox\___RESEARCH_POSTDOC\MPI\Laborator 2\MpiLab\MPIDebugger\MPIDebuggerOutputTool\MPIDebuggerOutputTool\Debug\link.9248-cvtres.write.1.tlog
C:\Users\CPaduraru\Dropbox\___RESEARCH_POSTDOC\MPI\Laborator 2\MpiLab\MPIDebugger\MPIDebuggerOutputTool\MPIDebuggerOutputTool\Debug\link.command.1.tlog
C:\Users\CPaduraru\Dropbox\___RESEARCH_POSTDOC\MPI\Laborator 2\MpiLab\MPIDebugger\MPIDebuggerOutputTool\MPIDebuggerOutputTool\Debug\link.read.1.tlog
C:\Users\CPaduraru\Dropbox\___RESEARCH_POSTDOC\MPI\Laborator 2\MpiLab\MPIDebugger\MPIDebuggerOutputTool\MPIDebuggerOutputTool\Debug\link.write.1.tlog
C:\Users\CPaduraru\Dropbox\___RESEARCH_POSTDOC\MPI\Laborator 2\MpiLab\MPIDebugger\MPIDebuggerOutputTool\MPIDebuggerOutputTool\Debug\link-cvtres.read.1.tlog
C:\Users\CPaduraru\Dropbox\___RESEARCH_POSTDOC\MPI\Laborator 2\MpiLab\MPIDebugger\MPIDebuggerOutputTool\MPIDebuggerOutputTool\Debug\link-cvtres.write.1.tlog
C:\USERS\CPADURARU\DROPBOX\___RESEARCH_POSTDOC\MPI\LABORATOR 2\MPILAB\MPIDEBUGGER\MPIDEBUGGEROUTPUTTOOL\MPIDEBUGGEROUTPUTTOOL\DEBUG\MAIN.OBJ
C:\USERS\CPADURARU\DROPBOX\___RESEARCH_POSTDOC\MPI\LABORATOR 2\MPILAB\MPIDEBUGGER\MPIDEBUGGEROUTPUTTOOL\MPIDEBUGGEROUTPUTTOOL\DEBUG\MPIDEBUGGERCOMMONS.OBJ
C:\USERS\CPADURARU\DROPBOX\___RESEARCH_POSTDOC\MPI\LABORATOR 2\MPILAB\MPIDEBUGGER\MPIDEBUGGEROUTPUTTOOL\MPIDEBUGGEROUTPUTTOOL\DEBUG\MPIDEBUGGERINTERNAL.OBJ
C:\USERS\CPADURARU\DROPBOX\___RESEARCH_POSTDOC\MPI\LABORATOR 2\MPILAB\MPIDEBUGGER\MPIDEBUGGEROUTPUTTOOL\MPIDEBUGGEROUTPUTTOOL\DEBUG\MPIDEBUGGEROUTPUTTOOL.EXE.EMBED.MANIFEST
C:\USERS\CPADURARU\DROPBOX\___RESEARCH_POSTDOC\MPI\LABORATOR 2\MPILAB\MPIDEBUGGER\MPIDEBUGGEROUTPUTTOOL\MPIDEBUGGEROUTPUTTOOL\DEBUG\MPIDEBUGGEROUTPUTTOOL.EXE.EMBED.MANIFEST.RES
C:\USERS\CPADURARU\DROPBOX\___RESEARCH_POSTDOC\MPI\LABORATOR 2\MPILAB\MPIDEBUGGER\MPIDEBUGGEROUTPUTTOOL\MPIDEBUGGEROUTPUTTOOL\DEBUG\MPIDEBUGGEROUTPUTTOOL.EXE.INTERMEDIATE.MANIFEST
C:\Users\CPaduraru\Dropbox\___RESEARCH_POSTDOC\MPI\Laborator 2\MpiLab\MPIDebugger\MPIDebuggerOutputTool\MPIDebuggerOutputTool\Debug\MPIDebuggerOutputTool.vcxprojResolveAssemblyReference.cache
C:\Users\CPaduraru\Dropbox\___RESEARCH_POSTDOC\MPI\Laborator 2\MpiLab\MPIDebugger\MPIDebuggerOutputTool\MPIDebuggerOutputTool\Debug\MPIDebuggerOutputTool.write.1.tlog
C:\Users\CPaduraru\Dropbox\___RESEARCH_POSTDOC\MPI\Laborator 2\MpiLab\MPIDebugger\MPIDebuggerOutputTool\MPIDebuggerOutputTool\Debug\MPIDebuggerOutputTool_manifest.rc
C:\USERS\CPADURARU\DROPBOX\___RESEARCH_POSTDOC\MPI\LABORATOR 2\MPILAB\MPIDEBUGGER\MPIDEBUGGEROUTPUTTOOL\MPIDEBUGGEROUTPUTTOOL\DEBUG\MPISEQUENCEOUTPUTWRITER.OBJ
C:\Users\CPaduraru\Dropbox\___RESEARCH_POSTDOC\MPI\Laborator 2\MpiLab\MPIDebugger\MPIDebuggerOutputTool\MPIDebuggerOutputTool\Debug\mt.command.1.tlog
C:\Users\CPaduraru\Dropbox\___RESEARCH_POSTDOC\MPI\Laborator 2\MpiLab\MPIDebugger\MPIDebuggerOutputTool\MPIDebuggerOutputTool\Debug\mt.read.1.tlog
C:\Users\CPaduraru\Dropbox\___RESEARCH_POSTDOC\MPI\Laborator 2\MpiLab\MPIDebugger\MPIDebuggerOutputTool\MPIDebuggerOutputTool\Debug\mt.write.1.tlog
C:\Users\CPaduraru\Dropbox\___RESEARCH_POSTDOC\MPI\Laborator 2\MpiLab\MPIDebugger\MPIDebuggerOutputTool\MPIDebuggerOutputTool\Debug\rc.command.1.tlog
C:\Users\CPaduraru\Dropbox\___RESEARCH_POSTDOC\MPI\Laborator 2\MpiLab\MPIDebugger\MPIDebuggerOutputTool\MPIDebuggerOutputTool\Debug\rc.read.1.tlog
C:\Users\CPaduraru\Dropbox\___RESEARCH_POSTDOC\MPI\Laborator 2\MpiLab\MPIDebugger\MPIDebuggerOutputTool\MPIDebuggerOutputTool\Debug\rc.write.1.tlog
C:\USERS\CPADURARU\DROPBOX\___RESEARCH_POSTDOC\MPI\LABORATOR 2\MPILAB\MPIDEBUGGER\MPIDEBUGGEROUTPUTTOOL\MPIDEBUGGEROUTPUTTOOL\DEBUG\UTILS.OBJ
C:\Users\CPaduraru\Dropbox\___RESEARCH_POSTDOC\MPI\Laborator 2\MpiLab\MPIDebugger\MPIDebuggerOutputTool\MPIDebuggerOutputTool\Debug\vc100.idb
C:\USERS\CPADURARU\DROPBOX\___RESEARCH_POSTDOC\MPI\LABORATOR 2\MPILAB\MPIDEBUGGER\MPIDEBUGGEROUTPUTTOOL\MPIDEBUGGEROUTPUTTOOL\DEBUG\VC100.PDB
