Build started 09/08/2016 20:06:18.
     1>Project "C:\Users\CPaduraru\Dropbox\___RESEARCH_POSTDOC\MPI\Laborator 2\MpiLab\MPIDebugger\MPIDebuggerOutputTool\MPIDebuggerOutputTool\MPIDebuggerOutputTool.vcxproj" on node 2 (build target(s)).
     1>InitializeBuildStatus:
         Creating "Debug\MPIDebuggerOutputTool.unsuccessfulbuild" because "AlwaysCreate" was specified.
       ClCompile:
         C:\Program Files (x86)\Microsoft Visual Studio 10.0\VC\bin\CL.exe /c /ZI /nologo /W3 /WX- /Od /Oy- /D WIN32 /D _DEBUG /D _CONSOLE /D _UNICODE /D UNICODE /Gm /EHsc /RTC1 /MDd /GS /fp:precise /Zc:wchar_t /Zc:forScope /Fo"Debug\\" /Fd"Debug\vc100.pdb" /Gd /TP /analyze- /errorReport:prompt MPISequenceOutputWriter.cpp
         MPISequenceOutputWriter.cpp
       ManifestResourceCompile:
         All outputs are up-to-date.
       Link:
         C:\Program Files (x86)\Microsoft Visual Studio 10.0\VC\bin\link.exe /ERRORREPORT:PROMPT /OUT:"C:\Users\CPaduraru\Dropbox\___RESEARCH_POSTDOC\MPI\Laborator 2\MpiLab\MPIDebugger\MPIDebuggerOutputTool\Debug\MPIDebuggerOutputTool.exe" /INCREMENTAL /NOLOGO msmpi.lib kernel32.lib user32.lib gdi32.lib winspool.lib comdlg32.lib advapi32.lib shell32.lib ole32.lib oleaut32.lib uuid.lib odbc32.lib odbccp32.lib kernel32.lib user32.lib gdi32.lib winspool.lib comdlg32.lib advapi32.lib shell32.lib ole32.lib oleaut32.lib uuid.lib odbc32.lib odbccp32.lib /MANIFEST /ManifestFile:"Debug\MPIDebuggerOutputTool.exe.intermediate.manifest" /MANIFESTUAC:"level='asInvoker' uiAccess='false'" /DEBUG /PDB:"C:\Users\CPaduraru\Dropbox\___RESEARCH_POSTDOC\MPI\Laborator 2\MpiLab\MPIDebugger\MPIDebuggerOutputTool\Debug\MPIDebuggerOutputTool.pdb" /SUBSYSTEM:CONSOLE /TLBID:1 /DYNAMICBASE /NXCOMPAT /IMPLIB:"C:\Users\CPaduraru\Dropbox\___RESEARCH_POSTDOC\MPI\Laborator 2\MpiLab\MPIDebugger\MPIDebuggerOutputTool\Debug\MPIDebuggerOutputTool.lib" /MACHINE:X86 Debug\MPIDebuggerOutputTool.exe.embed.manifest.res
         Debug\mpidebuggercommons.obj
         Debug\mpidebuggerinternal.obj
         Debug\utils.obj
         Debug\main.obj
         Debug\MPISequenceOutputWriter.obj
       Manifest:
         C:\Program Files (x86)\Microsoft SDKs\Windows\v7.0A\bin\mt.exe /nologo /verbose /out:"Debug\MPIDebuggerOutputTool.exe.embed.manifest" /manifest Debug\MPIDebuggerOutputTool.exe.intermediate.manifest
         All outputs are up-to-date.
       LinkEmbedManifest:
         All outputs are up-to-date.
         MPIDebuggerOutputTool.vcxproj -> C:\Users\CPaduraru\Dropbox\___RESEARCH_POSTDOC\MPI\Laborator 2\MpiLab\MPIDebugger\MPIDebuggerOutputTool\Debug\MPIDebuggerOutputTool.exe
       FinalizeBuildStatus:
         Deleting file "Debug\MPIDebuggerOutputTool.unsuccessfulbuild".
         Touching "Debug\MPIDebuggerOutputTool.lastbuildstate".
     1>Done Building Project "C:\Users\CPaduraru\Dropbox\___RESEARCH_POSTDOC\MPI\Laborator 2\MpiLab\MPIDebugger\MPIDebuggerOutputTool\MPIDebuggerOutputTool\MPIDebuggerOutputTool.vcxproj" (build target(s)).

Build succeeded.

Time Elapsed 00:00:00.80
